<?xml version="1.0" encoding="UTF-8"?>
<!-- Generated by org.testng.reporters.JUnitReportReporter -->
<testsuite hostname="LAPTOP-GF6U3396" failures="0" tests="2" name="testRunner.Runner" time="94.075" errors="0" timestamp="2023-07-14T16:10:33 IST" skipped="0">
  <testcase classname="testRunner.Runner" name="runScenario" time="35.469"/>
  <system-out/>
  <testcase classname="testRunner.Runner" name="runScenario" time="58.606"/>
  <system-out/>
</testsuite> <!-- testRunner.Runner -->
